# JRE version: 7.0_25-b17
# Java VM: Java HotSpot(TM) 64-Bit Server VM (23.25-b01 mixed mode windows-amd64 compressed oops)
Heap
 PSYoungGen      total 18624K, used 12764K [0x00000000eb360000, 0x00000000ec820000, 0x0000000100000000)
  eden space 16000K, 63% used [0x00000000eb360000,0x00000000ebd49388,0x00000000ec300000)
  from space 2624K, 99% used [0x00000000ec590000,0x00000000ec81dea0,0x00000000ec820000)
  to   space 2624K, 0% used [0x00000000ec300000,0x00000000ec300000,0x00000000ec590000)
 ParOldGen       total 42624K, used 10055K [0x00000000c1a00000, 0x00000000c43a0000, 0x00000000eb360000)
  object space 42624K, 23% used [0x00000000c1a00000,0x00000000c23d1ee8,0x00000000c43a0000)
 PSPermGen       total 21248K, used 17300K [0x00000000bc800000, 0x00000000bdcc0000, 0x00000000c1a00000)
  object space 21248K, 81% used [0x00000000bc800000,0x00000000bd8e53f8,0x00000000bdcc0000)
GC Heap History (4 events):
Event: 1.507 GC heap before
{Heap before GC invocations=1 (full 0):
 PSYoungGen      total 18624K, used 16000K [0x00000000eb360000, 0x00000000ec820000, 0x0000000100000000)
  eden space 16000K, 100% used [0x00000000eb360000,0x00000000ec300000,0x00000000ec300000)
  from space 2624K, 0% used [0x00000000ec590000,0x00000000ec590000,0x00000000ec820000)
  to   space 2624K, 0% used [0x00000000ec300000,0x00000000ec300000,0x00000000ec590000)
 ParOldGen       total 42624K, used 0K [0x00000000c1a00000, 0x00000000c43a0000, 0x00000000eb360000)
  object space 42624K, 0% used [0x00000000c1a00000,0x00000000c1a00000,0x00000000c43a0000)
 PSPermGen       total 21248K, used 13880K [0x00000000bc800000, 0x00000000bdcc0000, 0x00000000c1a00000)
  object space 21248K, 65% used [0x00000000bc800000,0x00000000bd58e138,0x00000000bdcc0000)
Event: 1.516 GC heap after
Heap after GC invocations=1 (full 0):
 PSYoungGen      total 18624K, used 2612K [0x00000000eb360000, 0x00000000ec820000, 0x0000000100000000)
  eden space 16000K, 0% used [0x00000000eb360000,0x00000000eb360000,0x00000000ec300000)
  from space 2624K, 99% used [0x00000000ec300000,0x00000000ec58d270,0x00000000ec590000)
  to   space 2624K, 0% used [0x00000000ec590000,0x00000000ec590000,0x00000000ec820000)
 ParOldGen       total 42624K, used 2076K [0x00000000c1a00000, 0x00000000c43a0000, 0x00000000eb360000)
  object space 42624K, 4% used [0x00000000c1a00000,0x00000000c1c070b0,0x00000000c43a0000)
 PSPermGen       total 21248K, used 13880K [0x00000000bc800000, 0x00000000bdcc0000, 0x00000000c1a00000)
  object space 21248K, 65% used [0x00000000bc800000,0x00000000bd58e138,0x00000000bdcc0000)
}
Event: 16.334 GC heap before
{Heap before GC invocations=2 (full 0):
 PSYoungGen      total 18624K, used 18579K [0x00000000eb360000, 0x00000000ec820000, 0x0000000100000000)
  eden space 16000K, 99% used [0x00000000eb360000,0x00000000ec2f7a18,0x00000000ec300000)
  from space 2624K, 99% used [0x00000000ec300000,0x00000000ec58d270,0x00000000ec590000)
  to   space 2624K, 0% used [0x00000000ec590000,0x00000000ec590000,0x00000000ec820000)
 ParOldGen       total 42624K, used 2076K [0x00000000c1a00000, 0x00000000c43a0000, 0x00000000eb360000)
  object space 42624K, 4% used [0x00000000c1a00000,0x00000000c1c070b0,0x00000000c43a0000)
 PSPermGen       total 21248K, used 17197K [0x00000000bc800000, 0x00000000bdcc0000, 0x00000000c1a00000)
  object space 21248K, 80% used [0x00000000bc800000,0x00000000bd8cb648,0x00000000bdcc0000)
Event: 16.350 GC heap after
Heap after GC invocations=2 (full 0):
 PSYoungGen      total 18624K, used 2615K [0x00000000eb360000, 0x00000000ec820000, 0x0000000100000000)
  eden space 16000K, 0% used [0x00000000eb360000,0x00000000eb360000,0x00000000ec300000)
  from space 2624K, 99% used [0x00000000ec590000,0x00000000ec81dea0,0x00000000ec820000)
  to   space 2624K, 0% used [0x00000000ec300000,0x00000000ec300000,0x00000000ec590000)
 ParOldGen       total 42624K, used 10055K [0x00000000c1a00000, 0x00000000c43a0000, 0x00000000eb360000)
  object space 42624K, 23% used [0x00000000c1a00000,0x00000000c23d1ee8,0x00000000c43a0000)
 PSPermGen       total 21248K, used 17197K [0x00000000bc800000, 0x00000000bdcc0000, 0x00000000c1a00000)
  object space 21248K, 80% used [0x00000000bc800000,0x00000000bd8cb648,0x00000000bdcc0000)
}

